<?xml version="1.0" encoding="UTF-8"?>
<testng-results ignored="0" total="1" passed="1" failed="0" skipped="0">
  <reporter-output>
  </reporter-output>
  <suite started-at="2023-02-03T01:35:21 ICT" name="All Test Suite" finished-at="2023-02-03T01:35:32 ICT" duration-ms="11777">
    <groups>
    </groups>
    <test started-at="2023-02-03T01:35:21 ICT" name="test" finished-at="2023-02-03T01:35:32 ICT" duration-ms="11777">
      <class name="javascriptExecutor.JavaScriptExecutor">
        <test-method signature="executorTest()[pri:0, instance:javascriptExecutor.JavaScriptExecutor@53976f5c]" started-at="2023-02-03T01:35:21 ICT" name="executorTest" finished-at="2023-02-03T01:35:32 ICT" duration-ms="11758" status="PASS">
          <reporter-output>
          </reporter-output>
        </test-method> <!-- executorTest -->
      </class> <!-- javascriptExecutor.JavaScriptExecutor -->
    </test> <!-- test -->
  </suite> <!-- All Test Suite -->
</testng-results>
